{"/Users/v0p00u0/Documents/projects/bms-assignment-2/config/CSSStub.js": {"path":"/Users/v0p00u0/Documents/projects/bms-assignment-2/config/CSSStub.js","statementMap":{"0":{"start":{"line":1,"column":0},"end":{"line":1,"column":20}}},"fnMap":{},"branchMap":{},"s":{"0":1},"f":{},"b":{},"_coverageSchema":"1a1c01bbd47fc00a2c39e90264f33305004495a9","hash":"4d562aa32c78a41bde5b63a15ac7a42a2521c716"}
,"/Users/v0p00u0/Documents/projects/bms-assignment-2/src/context.js": {"path":"/Users/v0p00u0/Documents/projects/bms-assignment-2/src/context.js","statementMap":{"0":{"start":{"line":5,"column":21},"end":{"line":7,"column":1}},"1":{"start":{"line":10,"column":23},"end":{"line":10,"column":56}},"2":{"start":{"line":12,"column":31},"end":{"line":19,"column":1}},"3":{"start":{"line":13,"column":37},"end":{"line":13,"column":73}},"4":{"start":{"line":14,"column":4},"end":{"line":18,"column":6}},"5":{"start":{"line":21,"column":0},"end":{"line":23,"column":2}}},"fnMap":{"0":{"name":"(anonymous_0)","decl":{"start":{"line":12,"column":31},"end":{"line":12,"column":32}},"loc":{"start":{"line":12,"column":50},"end":{"line":19,"column":1}},"line":12}},"branchMap":{},"s":{"0":1,"1":1,"2":1,"3":0,"4":0,"5":1},"f":{"0":0},"b":{},"_coverageSchema":"1a1c01bbd47fc00a2c39e90264f33305004495a9","hash":"160265f0513b21d8e974dfff2358f0e1cd4055c9"}
,"/Users/v0p00u0/Documents/projects/bms-assignment-2/src/actions/bmsAction.js": {"path":"/Users/v0p00u0/Documents/projects/bms-assignment-2/src/actions/bmsAction.js","statementMap":{"0":{"start":{"line":7,"column":32},"end":{"line":15,"column":1}},"1":{"start":{"line":8,"column":1},"end":{"line":14,"column":3}},"2":{"start":{"line":17,"column":23},"end":{"line":51,"column":1}},"3":{"start":{"line":18,"column":22},"end":{"line":18,"column":57}},"4":{"start":{"line":18,"column":42},"end":{"line":18,"column":56}},"5":{"start":{"line":19,"column":23},"end":{"line":19,"column":50}},"6":{"start":{"line":19,"column":40},"end":{"line":19,"column":49}},"7":{"start":{"line":20,"column":14},"end":{"line":20,"column":22}},"8":{"start":{"line":21,"column":14},"end":{"line":21,"column":31}},"9":{"start":{"line":22,"column":15},"end":{"line":22,"column":17}},"10":{"start":{"line":23,"column":1},"end":{"line":48,"column":2}},"11":{"start":{"line":28,"column":2},"end":{"line":28,"column":17}},"12":{"start":{"line":30,"column":2},"end":{"line":47,"column":5}},"13":{"start":{"line":31,"column":3},"end":{"line":46,"column":4}},"14":{"start":{"line":35,"column":4},"end":{"line":35,"column":39}},"15":{"start":{"line":36,"column":10},"end":{"line":46,"column":4}},"16":{"start":{"line":40,"column":4},"end":{"line":40,"column":39}},"17":{"start":{"line":41,"column":10},"end":{"line":46,"column":4}},"18":{"start":{"line":45,"column":4},"end":{"line":45,"column":39}},"19":{"start":{"line":49,"column":1},"end":{"line":49,"column":21}},"20":{"start":{"line":50,"column":1},"end":{"line":50,"column":28}},"21":{"start":{"line":53,"column":26},"end":{"line":59,"column":1}},"22":{"start":{"line":54,"column":22},"end":{"line":54,"column":55}},"23":{"start":{"line":55,"column":1},"end":{"line":58,"column":2}},"24":{"start":{"line":60,"column":28},"end":{"line":64,"column":1}},"25":{"start":{"line":61,"column":1},"end":{"line":63,"column":3}},"26":{"start":{"line":66,"column":27},"end":{"line":74,"column":1}},"27":{"start":{"line":67,"column":1},"end":{"line":73,"column":2}}},"fnMap":{"0":{"name":"(anonymous_0)","decl":{"start":{"line":7,"column":32},"end":{"line":7,"column":33}},"loc":{"start":{"line":7,"column":47},"end":{"line":15,"column":1}},"line":7},"1":{"name":"(anonymous_1)","decl":{"start":{"line":17,"column":23},"end":{"line":17,"column":24}},"loc":{"start":{"line":17,"column":46},"end":{"line":51,"column":1}},"line":17},"2":{"name":"(anonymous_2)","decl":{"start":{"line":18,"column":30},"end":{"line":18,"column":31}},"loc":{"start":{"line":18,"column":42},"end":{"line":18,"column":56}},"line":18},"3":{"name":"(anonymous_3)","decl":{"start":{"line":19,"column":33},"end":{"line":19,"column":34}},"loc":{"start":{"line":19,"column":40},"end":{"line":19,"column":49}},"line":19},"4":{"name":"(anonymous_4)","decl":{"start":{"line":30,"column":15},"end":{"line":30,"column":16}},"loc":{"start":{"line":30,"column":27},"end":{"line":47,"column":3}},"line":30},"5":{"name":"(anonymous_5)","decl":{"start":{"line":53,"column":26},"end":{"line":53,"column":27}},"loc":{"start":{"line":53,"column":50},"end":{"line":59,"column":1}},"line":53},"6":{"name":"(anonymous_6)","decl":{"start":{"line":60,"column":28},"end":{"line":60,"column":29}},"loc":{"start":{"line":60,"column":35},"end":{"line":64,"column":1}},"line":60},"7":{"name":"(anonymous_7)","decl":{"start":{"line":66,"column":27},"end":{"line":66,"column":28}},"loc":{"start":{"line":66,"column":50},"end":{"line":74,"column":1}},"line":66}},"branchMap":{"0":{"loc":{"start":{"line":23,"column":1},"end":{"line":48,"column":2}},"type":"if","locations":[{"start":{"line":23,"column":1},"end":{"line":48,"column":2}},{"start":{"line":23,"column":1},"end":{"line":48,"column":2}}],"line":23},"1":{"loc":{"start":{"line":24,"column":2},"end":{"line":26,"column":57}},"type":"binary-expr","locations":[{"start":{"line":24,"column":3},"end":{"line":24,"column":31}},{"start":{"line":24,"column":35},"end":{"line":24,"column":65}},{"start":{"line":25,"column":3},"end":{"line":25,"column":28}},{"start":{"line":25,"column":32},"end":{"line":25,"column":60}},{"start":{"line":26,"column":3},"end":{"line":26,"column":22}},{"start":{"line":26,"column":26},"end":{"line":26,"column":56}}],"line":24},"2":{"loc":{"start":{"line":31,"column":3},"end":{"line":46,"column":4}},"type":"if","locations":[{"start":{"line":31,"column":3},"end":{"line":46,"column":4}},{"start":{"line":31,"column":3},"end":{"line":46,"column":4}}],"line":31},"3":{"loc":{"start":{"line":32,"column":4},"end":{"line":33,"column":32}},"type":"binary-expr","locations":[{"start":{"line":32,"column":4},"end":{"line":32,"column":59}},{"start":{"line":33,"column":4},"end":{"line":33,"column":32}}],"line":32},"4":{"loc":{"start":{"line":36,"column":10},"end":{"line":46,"column":4}},"type":"if","locations":[{"start":{"line":36,"column":10},"end":{"line":46,"column":4}},{"start":{"line":36,"column":10},"end":{"line":46,"column":4}}],"line":36},"5":{"loc":{"start":{"line":37,"column":4},"end":{"line":38,"column":34}},"type":"binary-expr","locations":[{"start":{"line":37,"column":4},"end":{"line":37,"column":57}},{"start":{"line":38,"column":4},"end":{"line":38,"column":34}}],"line":37},"6":{"loc":{"start":{"line":41,"column":10},"end":{"line":46,"column":4}},"type":"if","locations":[{"start":{"line":41,"column":10},"end":{"line":46,"column":4}},{"start":{"line":41,"column":10},"end":{"line":46,"column":4}}],"line":41},"7":{"loc":{"start":{"line":42,"column":4},"end":{"line":43,"column":57}},"type":"binary-expr","locations":[{"start":{"line":42,"column":4},"end":{"line":42,"column":59}},{"start":{"line":43,"column":4},"end":{"line":43,"column":57}}],"line":42}},"s":{"0":1,"1":0,"2":1,"3":0,"4":0,"5":0,"6":0,"7":0,"8":0,"9":0,"10":0,"11":0,"12":0,"13":0,"14":0,"15":0,"16":0,"17":0,"18":0,"19":0,"20":0,"21":1,"22":0,"23":0,"24":1,"25":0,"26":1,"27":0},"f":{"0":0,"1":0,"2":0,"3":0,"4":0,"5":0,"6":0,"7":0},"b":{"0":[0,0],"1":[0,0,0,0,0,0],"2":[0,0],"3":[0,0],"4":[0,0],"5":[0,0],"6":[0,0],"7":[0,0]},"_coverageSchema":"1a1c01bbd47fc00a2c39e90264f33305004495a9","hash":"be7dbb753c1c215ac453495fdfe4456e10c72d84"}
,"/Users/v0p00u0/Documents/projects/bms-assignment-2/src/components/Header/Header.js": {"path":"/Users/v0p00u0/Documents/projects/bms-assignment-2/src/components/Header/Header.js","statementMap":{"0":{"start":{"line":9,"column":15},"end":{"line":127,"column":2}},"1":{"start":{"line":10,"column":49},"end":{"line":10,"column":101}},"2":{"start":{"line":11,"column":43},"end":{"line":11,"column":89}},"3":{"start":{"line":12,"column":52},"end":{"line":12,"column":71}},"4":{"start":{"line":14,"column":28},"end":{"line":22,"column":2}},"5":{"start":{"line":15,"column":18},"end":{"line":20,"column":4}},"6":{"start":{"line":16,"column":3},"end":{"line":19,"column":5}},"7":{"start":{"line":21,"column":2},"end":{"line":21,"column":17}},"8":{"start":{"line":24,"column":24},"end":{"line":33,"column":2}},"9":{"start":{"line":25,"column":17},"end":{"line":25,"column":19}},"10":{"start":{"line":26,"column":2},"end":{"line":26,"column":68}},"11":{"start":{"line":26,"column":41},"end":{"line":26,"column":66}},"12":{"start":{"line":27,"column":2},"end":{"line":29,"column":3}},"13":{"start":{"line":28,"column":3},"end":{"line":28,"column":57}},"14":{"start":{"line":30,"column":2},"end":{"line":30,"column":37}},"15":{"start":{"line":31,"column":2},"end":{"line":31,"column":66}},"16":{"start":{"line":35,"column":21},"end":{"line":44,"column":2}},"17":{"start":{"line":36,"column":18},"end":{"line":36,"column":20}},"18":{"start":{"line":37,"column":2},"end":{"line":37,"column":66}},"19":{"start":{"line":37,"column":42},"end":{"line":37,"column":64}},"20":{"start":{"line":38,"column":2},"end":{"line":40,"column":3}},"21":{"start":{"line":39,"column":3},"end":{"line":39,"column":52}},"22":{"start":{"line":41,"column":2},"end":{"line":41,"column":35}},"23":{"start":{"line":42,"column":2},"end":{"line":42,"column":69}},"24":{"start":{"line":46,"column":23},"end":{"line":50,"column":2}},"25":{"start":{"line":47,"column":20},"end":{"line":47,"column":78}},"26":{"start":{"line":47,"column":52},"end":{"line":47,"column":77}},"27":{"start":{"line":48,"column":19},"end":{"line":48,"column":71}},"28":{"start":{"line":48,"column":48},"end":{"line":48,"column":70}},"29":{"start":{"line":49,"column":2},"end":{"line":49,"column":37}},"30":{"start":{"line":52,"column":22},"end":{"line":66,"column":2}},"31":{"start":{"line":54,"column":23},"end":{"line":54,"column":83}},"32":{"start":{"line":54,"column":55},"end":{"line":54,"column":82}},"33":{"start":{"line":55,"column":24},"end":{"line":55,"column":81}},"34":{"start":{"line":55,"column":53},"end":{"line":55,"column":80}},"35":{"start":{"line":56,"column":2},"end":{"line":58,"column":3}},"36":{"start":{"line":57,"column":3},"end":{"line":57,"column":63}},"37":{"start":{"line":59,"column":2},"end":{"line":61,"column":3}},"38":{"start":{"line":60,"column":3},"end":{"line":60,"column":58}},"39":{"start":{"line":63,"column":2},"end":{"line":63,"column":36}},"40":{"start":{"line":64,"column":2},"end":{"line":64,"column":38}},"41":{"start":{"line":65,"column":2},"end":{"line":65,"column":69}},"42":{"start":{"line":68,"column":25},"end":{"line":68,"column":88}},"43":{"start":{"line":69,"column":23},"end":{"line":69,"column":84}},"44":{"start":{"line":70,"column":21},"end":{"line":70,"column":67}},"45":{"start":{"line":71,"column":2},"end":{"line":126,"column":4}},"46":{"start":{"line":112,"column":7},"end":{"line":121,"column":14}},"47":{"start":{"line":117,"column":24},"end":{"line":117,"column":44}},"48":{"start":{"line":129,"column":0},"end":{"line":132,"column":2}}},"fnMap":{"0":{"name":"(anonymous_0)","decl":{"start":{"line":9,"column":15},"end":{"line":9,"column":16}},"loc":{"start":{"line":9,"column":21},"end":{"line":127,"column":2}},"line":9},"1":{"name":"(anonymous_1)","decl":{"start":{"line":14,"column":28},"end":{"line":14,"column":29}},"loc":{"start":{"line":14,"column":36},"end":{"line":22,"column":2}},"line":14},"2":{"name":"(anonymous_2)","decl":{"start":{"line":15,"column":27},"end":{"line":15,"column":28}},"loc":{"start":{"line":15,"column":35},"end":{"line":20,"column":3}},"line":15},"3":{"name":"(anonymous_3)","decl":{"start":{"line":24,"column":24},"end":{"line":24,"column":25}},"loc":{"start":{"line":24,"column":40},"end":{"line":33,"column":2}},"line":24},"4":{"name":"(anonymous_4)","decl":{"start":{"line":26,"column":33},"end":{"line":26,"column":34}},"loc":{"start":{"line":26,"column":41},"end":{"line":26,"column":66}},"line":26},"5":{"name":"(anonymous_5)","decl":{"start":{"line":35,"column":21},"end":{"line":35,"column":22}},"loc":{"start":{"line":35,"column":37},"end":{"line":44,"column":2}},"line":35},"6":{"name":"(anonymous_6)","decl":{"start":{"line":37,"column":34},"end":{"line":37,"column":35}},"loc":{"start":{"line":37,"column":42},"end":{"line":37,"column":64}},"line":37},"7":{"name":"(anonymous_7)","decl":{"start":{"line":46,"column":23},"end":{"line":46,"column":24}},"loc":{"start":{"line":46,"column":60},"end":{"line":50,"column":2}},"line":46},"8":{"name":"(anonymous_8)","decl":{"start":{"line":47,"column":44},"end":{"line":47,"column":45}},"loc":{"start":{"line":47,"column":52},"end":{"line":47,"column":77}},"line":47},"9":{"name":"(anonymous_9)","decl":{"start":{"line":48,"column":40},"end":{"line":48,"column":41}},"loc":{"start":{"line":48,"column":48},"end":{"line":48,"column":70}},"line":48},"10":{"name":"(anonymous_10)","decl":{"start":{"line":52,"column":22},"end":{"line":52,"column":23}},"loc":{"start":{"line":52,"column":32},"end":{"line":66,"column":2}},"line":52},"11":{"name":"(anonymous_11)","decl":{"start":{"line":54,"column":47},"end":{"line":54,"column":48}},"loc":{"start":{"line":54,"column":55},"end":{"line":54,"column":82}},"line":54},"12":{"name":"(anonymous_12)","decl":{"start":{"line":55,"column":45},"end":{"line":55,"column":46}},"loc":{"start":{"line":55,"column":53},"end":{"line":55,"column":80}},"line":55},"13":{"name":"(anonymous_13)","decl":{"start":{"line":111,"column":22},"end":{"line":111,"column":23}},"loc":{"start":{"line":112,"column":7},"end":{"line":121,"column":14}},"line":112},"14":{"name":"(anonymous_14)","decl":{"start":{"line":117,"column":18},"end":{"line":117,"column":19}},"loc":{"start":{"line":117,"column":24},"end":{"line":117,"column":44}},"line":117}},"branchMap":{"0":{"loc":{"start":{"line":27,"column":2},"end":{"line":29,"column":3}},"type":"if","locations":[{"start":{"line":27,"column":2},"end":{"line":29,"column":3}},{"start":{"line":27,"column":2},"end":{"line":29,"column":3}}],"line":27},"1":{"loc":{"start":{"line":38,"column":2},"end":{"line":40,"column":3}},"type":"if","locations":[{"start":{"line":38,"column":2},"end":{"line":40,"column":3}},{"start":{"line":38,"column":2},"end":{"line":40,"column":3}}],"line":38},"2":{"loc":{"start":{"line":56,"column":2},"end":{"line":58,"column":3}},"type":"if","locations":[{"start":{"line":56,"column":2},"end":{"line":58,"column":3}},{"start":{"line":56,"column":2},"end":{"line":58,"column":3}}],"line":56},"3":{"loc":{"start":{"line":59,"column":2},"end":{"line":61,"column":3}},"type":"if","locations":[{"start":{"line":59,"column":2},"end":{"line":61,"column":3}},{"start":{"line":59,"column":2},"end":{"line":61,"column":3}}],"line":59},"4":{"loc":{"start":{"line":68,"column":25},"end":{"line":68,"column":88}},"type":"cond-expr","locations":[{"start":{"line":68,"column":56},"end":{"line":68,"column":83}},{"start":{"line":68,"column":86},"end":{"line":68,"column":88}}],"line":68},"5":{"loc":{"start":{"line":69,"column":23},"end":{"line":69,"column":84}},"type":"cond-expr","locations":[{"start":{"line":69,"column":54},"end":{"line":69,"column":79}},{"start":{"line":69,"column":82},"end":{"line":69,"column":84}}],"line":69},"6":{"loc":{"start":{"line":109,"column":5},"end":{"line":124,"column":5}},"type":"binary-expr","locations":[{"start":{"line":109,"column":5},"end":{"line":109,"column":26}},{"start":{"line":110,"column":5},"end":{"line":123,"column":11}}],"line":109}},"s":{"0":1,"1":1,"2":1,"3":1,"4":0,"5":0,"6":0,"7":0,"8":0,"9":0,"10":0,"11":0,"12":0,"13":0,"14":0,"15":0,"16":0,"17":0,"18":0,"19":0,"20":0,"21":0,"22":0,"23":0,"24":0,"25":0,"26":0,"27":0,"28":0,"29":0,"30":0,"31":0,"32":0,"33":0,"34":0,"35":0,"36":0,"37":0,"38":0,"39":0,"40":0,"41":0,"42":0,"43":0,"44":0,"45":0,"46":0,"47":0,"48":1},"f":{"0":1,"1":0,"2":0,"3":0,"4":0,"5":0,"6":0,"7":0,"8":0,"9":0,"10":0,"11":0,"12":0,"13":0,"14":0},"b":{"0":[0,0],"1":[0,0],"2":[0,0],"3":[0,0],"4":[0,0],"5":[0,0],"6":[0,0]},"_coverageSchema":"1a1c01bbd47fc00a2c39e90264f33305004495a9","hash":"0c4031ffc090fb7cb46c98a6acd427d948e660c7"}
,"/Users/v0p00u0/Documents/projects/bms-assignment-2/src/constants/testConstants.js": {"path":"/Users/v0p00u0/Documents/projects/bms-assignment-2/src/constants/testConstants.js","statementMap":{},"fnMap":{},"branchMap":{},"s":{},"f":{},"b":{},"_coverageSchema":"1a1c01bbd47fc00a2c39e90264f33305004495a9","hash":"ee0c47dd83010c504b084211fee9fe0577e177dc"}
,"/Users/v0p00u0/Documents/projects/bms-assignment-2/src/reducers/bmsReducer.js": {"path":"/Users/v0p00u0/Documents/projects/bms-assignment-2/src/reducers/bmsReducer.js","statementMap":{"0":{"start":{"line":3,"column":21},"end":{"line":5,"column":1}},"1":{"start":{"line":8,"column":1},"end":{"line":34,"column":2}},"2":{"start":{"line":10,"column":3},"end":{"line":14,"column":5}},"3":{"start":{"line":16,"column":3},"end":{"line":19,"column":5}},"4":{"start":{"line":21,"column":3},"end":{"line":24,"column":5}},"5":{"start":{"line":26,"column":3},"end":{"line":29,"column":5}},"6":{"start":{"line":31,"column":3},"end":{"line":33,"column":5}}},"fnMap":{"0":{"name":"bmsReducer","decl":{"start":{"line":7,"column":24},"end":{"line":7,"column":34}},"loc":{"start":{"line":7,"column":73},"end":{"line":35,"column":1}},"line":7}},"branchMap":{"0":{"loc":{"start":{"line":7,"column":35},"end":{"line":7,"column":63}},"type":"default-arg","locations":[{"start":{"line":7,"column":51},"end":{"line":7,"column":63}}],"line":7},"1":{"loc":{"start":{"line":8,"column":1},"end":{"line":34,"column":2}},"type":"switch","locations":[{"start":{"line":9,"column":2},"end":{"line":14,"column":5}},{"start":{"line":15,"column":2},"end":{"line":19,"column":5}},{"start":{"line":20,"column":2},"end":{"line":24,"column":5}},{"start":{"line":25,"column":2},"end":{"line":29,"column":5}},{"start":{"line":30,"column":2},"end":{"line":33,"column":5}}],"line":8}},"s":{"0":1,"1":0,"2":0,"3":0,"4":0,"5":0,"6":0},"f":{"0":0},"b":{"0":[0],"1":[0,0,0,0,0]},"_coverageSchema":"1a1c01bbd47fc00a2c39e90264f33305004495a9","hash":"a0d4c3ae793808d6e63cbcb9ea8d893caeaa6bfa"}
}
